2017-12-31 09:38:19:SELECT * FROM t_user_contact WHERE 1  LIMIT 1
2017-12-31 10:15:01:SELECT * FROM t_user_contact WHERE 1  LIMIT 1
2017-12-31 10:15:50:SELECT * FROM t_user_contact WHERE 1  LIMIT 1
2017-12-31 10:46:09:SELECT * FROM t_user_contact WHERE 1  LIMIT 1
2017-12-31 10:48:55:SELECT * FROM t_user_contact WHERE 1  LIMIT 1
2017-12-31 10:49:25:SELECT * FROM t_user_contact WHERE 1  LIMIT 1
2017-12-31 10:51:13:SELECT * FROM t_user_contact WHERE 1  LIMIT 1
2017-12-31 10:51:25:SELECT * FROM t_user_contact WHERE 1  LIMIT 1
2017-12-31 10:51:30:SELECT * FROM t_user_contact WHERE 1  LIMIT 1
2017-12-31 10:58:40:SELECT * FROM t_user_contact WHERE 1  LIMIT 1
2017-12-31 10:59:34:SELECT * FROM t_user_contact WHERE 1  LIMIT 1
2017-12-31 11:30:36:SELECT * FROM t_user_contact WHERE 1  LIMIT 1
2017-12-31 11:35:29:SELECT * FROM t_user_contact WHERE 1  LIMIT 1
2017-12-31 11:37:00:SELECT * FROM t_user_contact WHERE 1  LIMIT 1
2017-12-31 11:41:09:SELECT * FROM t_user_contact WHERE 1  LIMIT 1
2017-12-31 11:41:37:SELECT * FROM t_user_contact WHERE 1  LIMIT 1
2017-12-31 11:42:11:SELECT * FROM t_user_contact WHERE 1  LIMIT 1
2017-12-31 11:46:35:SELECT * FROM t_user_contact WHERE 1  LIMIT 1
2017-12-31 12:20:07:SELECT * FROM t_user_contact WHERE 1  LIMIT 1
2017-12-31 12:20:57:SELECT id FROM t_user WHERE 1 AND openid = 'oeDcV0Zc4eR8nIigyAVbHx0c5oAc' LIMIT 1
2017-12-31 12:22:28:SELECT * FROM t_user_contact WHERE 1  LIMIT 1
2017-12-31 12:22:38:SELECT id FROM t_user WHERE 1 AND openid = 'oeDcV0Zc4eR8nIigyAVbHx0c5oAc' LIMIT 1
2017-12-31 12:23:22:SELECT * FROM t_user_contact WHERE 1  LIMIT 1
2017-12-31 12:23:36:SELECT * FROM t_user_contact WHERE 1  LIMIT 1
2017-12-31 13:44:00:SELECT * FROM t_user_contact WHERE 1  LIMIT 1
2017-12-31 13:55:42:SELECT * FROM t_user_contact WHERE 1  LIMIT 1
2017-12-31 13:56:02:SELECT * FROM t_user_contact WHERE 1  LIMIT 1
2017-12-31 13:56:37:SELECT * FROM t_user_contact WHERE 1  LIMIT 1
2017-12-31 14:03:05:SELECT * FROM t_user_contact WHERE 1  LIMIT 1
2017-12-31 14:04:23:SELECT * FROM t_user_contact WHERE 1  LIMIT 1
2017-12-31 14:04:43:SELECT * FROM t_user_contact WHERE 1  LIMIT 1
2017-12-31 14:06:56:SELECT * FROM t_user_contact WHERE 1  LIMIT 1
2017-12-31 14:09:00:SELECT * FROM t_user_contact WHERE 1  LIMIT 1
2017-12-31 14:10:17:SELECT * FROM t_user_contact WHERE 1  LIMIT 1
2017-12-31 14:10:48:SELECT * FROM t_user_contact WHERE 1  LIMIT 1
2017-12-31 14:12:36:SELECT id FROM t_user WHERE 1 AND openid = 'oeDcV0W0lW2u-WnondVku8uZZo4k' LIMIT 1
2017-12-31 14:15:49:SELECT * FROM t_user_contact WHERE 1  LIMIT 1
2017-12-31 14:16:45:SELECT id FROM t_user WHERE 1 AND openid = 'oeDcV0W0lW2u-WnondVku8uZZo4k' LIMIT 1
2017-12-31 14:18:44:SELECT * FROM t_user_contact WHERE 1  LIMIT 1
2017-12-31 14:27:39:SELECT * FROM t_user WHERE 1 AND openid = 'oeDcV0Zc4eR8nIigyAVbHx0c5oAc' LIMIT 1
2017-12-31 14:29:07:SELECT * FROM t_user WHERE 1 AND openid = 'oeDcV0W0lW2u-WnondVku8uZZo4k' LIMIT 1
2017-12-31 14:32:46:SELECT * FROM t_user WHERE 1 AND openid = 'oeDcV0W0lW2u-WnondVku8uZZo4k' LIMIT 1
2017-12-31 14:40:11:SELECT * FROM t_user WHERE 1 AND openid = 'oeDcV0W0lW2u-WnondVku8uZZo4k' LIMIT 1
2017-12-31 14:41:02:SELECT * FROM t_user WHERE 1 AND openid = 'oeDcV0Zc4eR8nIigyAVbHx0c5oAc' LIMIT 1
2017-12-31 14:41:16:SELECT * FROM t_user WHERE 1 AND openid = 'oeDcV0Zc4eR8nIigyAVbHx0c5oAc' LIMIT 1
2017-12-31 14:48:25:SELECT * FROM t_user WHERE 1 AND openid = 'oeDcV0W0lW2u-WnondVku8uZZo4k' LIMIT 1
2017-12-31 14:48:32:SELECT * FROM t_user WHERE 1 AND openid = 'oeDcV0W0lW2u-WnondVku8uZZo4k' LIMIT 1
2017-12-31 14:51:50:SELECT * FROM t_user WHERE 1 AND openid = 'oeDcV0W0lW2u-WnondVku8uZZo4k' LIMIT 1
2017-12-31 14:58:23:SELECT * FROM t_user WHERE 1 AND openid = 'oeDcV0W0lW2u-WnondVku8uZZo4k' LIMIT 1
2017-12-31 14:59:06:SELECT * FROM t_user WHERE 1 AND openid = 'oeDcV0W0lW2u-WnondVku8uZZo4k' LIMIT 1
2017-12-31 15:00:50:SELECT * FROM t_user WHERE 1 AND openid = 'oeDcV0W0lW2u-WnondVku8uZZo4k' LIMIT 1
2017-12-31 15:01:34:SELECT * FROM t_user WHERE 1 AND openid = 'oeDcV0W0lW2u-WnondVku8uZZo4k' LIMIT 1
2017-12-31 15:21:10:SELECT * FROM t_user WHERE 1 AND openid = 'oeDcV0W0lW2u-WnondVku8uZZo4k' LIMIT 1
